Linked: (/home/amiga/iowa_ws/devel/.private/ag_gripper_driver/lib/python3/dist-packages/ag_gripper_driver/__init__.py, /home/amiga/iowa_ws/devel/lib/python3/dist-packages/ag_gripper_driver/__init__.py)
Linked: (/home/amiga/iowa_ws/devel/.private/ag_gripper_driver/lib/python3/dist-packages/ag_gripper_driver/srv/__init__.py, /home/amiga/iowa_ws/devel/lib/python3/dist-packages/ag_gripper_driver/srv/__init__.py)
Linked: (/home/amiga/iowa_ws/devel/.private/ag_gripper_driver/lib/python3/dist-packages/ag_gripper_driver/srv/_Pegasus.py, /home/amiga/iowa_ws/devel/lib/python3/dist-packages/ag_gripper_driver/srv/_Pegasus.py)
Linked: (/home/amiga/iowa_ws/devel/.private/ag_gripper_driver/lib/pkgconfig/ag_gripper_driver.pc, /home/amiga/iowa_ws/devel/lib/pkgconfig/ag_gripper_driver.pc)
Linked: (/home/amiga/iowa_ws/devel/.private/ag_gripper_driver/lib/ag_gripper_driver/cmake.lock, /home/amiga/iowa_ws/devel/lib/ag_gripper_driver/cmake.lock)
Linked: (/home/amiga/iowa_ws/devel/.private/ag_gripper_driver/lib/ag_gripper_driver/gripper_node_wo_joy.py, /home/amiga/iowa_ws/devel/lib/ag_gripper_driver/gripper_node_wo_joy.py)
Linked: (/home/amiga/iowa_ws/devel/.private/ag_gripper_driver/share/common-lisp/ros/ag_gripper_driver/srv/ag_gripper_driver-srv.asd, /home/amiga/iowa_ws/devel/share/common-lisp/ros/ag_gripper_driver/srv/ag_gripper_driver-srv.asd)
Linked: (/home/amiga/iowa_ws/devel/.private/ag_gripper_driver/share/common-lisp/ros/ag_gripper_driver/srv/_package.lisp, /home/amiga/iowa_ws/devel/share/common-lisp/ros/ag_gripper_driver/srv/_package.lisp)
Linked: (/home/amiga/iowa_ws/devel/.private/ag_gripper_driver/share/common-lisp/ros/ag_gripper_driver/srv/Pegasus.lisp, /home/amiga/iowa_ws/devel/share/common-lisp/ros/ag_gripper_driver/srv/Pegasus.lisp)
Linked: (/home/amiga/iowa_ws/devel/.private/ag_gripper_driver/share/common-lisp/ros/ag_gripper_driver/srv/_package_Pegasus.lisp, /home/amiga/iowa_ws/devel/share/common-lisp/ros/ag_gripper_driver/srv/_package_Pegasus.lisp)
Linked: (/home/amiga/iowa_ws/devel/.private/ag_gripper_driver/share/gennodejs/ros/ag_gripper_driver/_index.js, /home/amiga/iowa_ws/devel/share/gennodejs/ros/ag_gripper_driver/_index.js)
Linked: (/home/amiga/iowa_ws/devel/.private/ag_gripper_driver/share/gennodejs/ros/ag_gripper_driver/srv/Pegasus.js, /home/amiga/iowa_ws/devel/share/gennodejs/ros/ag_gripper_driver/srv/Pegasus.js)
Linked: (/home/amiga/iowa_ws/devel/.private/ag_gripper_driver/share/gennodejs/ros/ag_gripper_driver/srv/_index.js, /home/amiga/iowa_ws/devel/share/gennodejs/ros/ag_gripper_driver/srv/_index.js)
Linked: (/home/amiga/iowa_ws/devel/.private/ag_gripper_driver/share/roseus/ros/ag_gripper_driver/manifest.l, /home/amiga/iowa_ws/devel/share/roseus/ros/ag_gripper_driver/manifest.l)
Linked: (/home/amiga/iowa_ws/devel/.private/ag_gripper_driver/share/roseus/ros/ag_gripper_driver/srv/Pegasus.l, /home/amiga/iowa_ws/devel/share/roseus/ros/ag_gripper_driver/srv/Pegasus.l)
Linked: (/home/amiga/iowa_ws/devel/.private/ag_gripper_driver/share/ag_gripper_driver/cmake/ag_gripper_driver-msg-paths.cmake, /home/amiga/iowa_ws/devel/share/ag_gripper_driver/cmake/ag_gripper_driver-msg-paths.cmake)
Linked: (/home/amiga/iowa_ws/devel/.private/ag_gripper_driver/share/ag_gripper_driver/cmake/ag_gripper_driverConfig-version.cmake, /home/amiga/iowa_ws/devel/share/ag_gripper_driver/cmake/ag_gripper_driverConfig-version.cmake)
Linked: (/home/amiga/iowa_ws/devel/.private/ag_gripper_driver/share/ag_gripper_driver/cmake/ag_gripper_driver-msg-extras.cmake, /home/amiga/iowa_ws/devel/share/ag_gripper_driver/cmake/ag_gripper_driver-msg-extras.cmake)
Linked: (/home/amiga/iowa_ws/devel/.private/ag_gripper_driver/share/ag_gripper_driver/cmake/ag_gripper_driverConfig.cmake, /home/amiga/iowa_ws/devel/share/ag_gripper_driver/cmake/ag_gripper_driverConfig.cmake)
Linked: (/home/amiga/iowa_ws/devel/.private/ag_gripper_driver/include/ag_gripper_driver/Pegasus.h, /home/amiga/iowa_ws/devel/include/ag_gripper_driver/Pegasus.h)
Linked: (/home/amiga/iowa_ws/devel/.private/ag_gripper_driver/include/ag_gripper_driver/PegasusResponse.h, /home/amiga/iowa_ws/devel/include/ag_gripper_driver/PegasusResponse.h)
Linked: (/home/amiga/iowa_ws/devel/.private/ag_gripper_driver/include/ag_gripper_driver/PegasusRequest.h, /home/amiga/iowa_ws/devel/include/ag_gripper_driver/PegasusRequest.h)
