Symlinking /home/amiga/iowa_ws/devel/lib/python3/dist-packages/ag_gripper_driver/__init__.py
Symlinking /home/amiga/iowa_ws/devel/lib/python3/dist-packages/ag_gripper_driver/srv/__init__.py
Symlinking /home/amiga/iowa_ws/devel/lib/python3/dist-packages/ag_gripper_driver/srv/_Pegasus.py
Symlinking /home/amiga/iowa_ws/devel/lib/pkgconfig/ag_gripper_driver.pc
Symlinking /home/amiga/iowa_ws/devel/lib/ag_gripper_driver/cmake.lock
Symlinking /home/amiga/iowa_ws/devel/lib/ag_gripper_driver/gripper_node_wo_joy.py
Symlinking /home/amiga/iowa_ws/devel/share/common-lisp/ros/ag_gripper_driver/srv/ag_gripper_driver-srv.asd
Symlinking /home/amiga/iowa_ws/devel/share/common-lisp/ros/ag_gripper_driver/srv/_package.lisp
Symlinking /home/amiga/iowa_ws/devel/share/common-lisp/ros/ag_gripper_driver/srv/Pegasus.lisp
Symlinking /home/amiga/iowa_ws/devel/share/common-lisp/ros/ag_gripper_driver/srv/_package_Pegasus.lisp
Symlinking /home/amiga/iowa_ws/devel/share/gennodejs/ros/ag_gripper_driver/_index.js
Symlinking /home/amiga/iowa_ws/devel/share/gennodejs/ros/ag_gripper_driver/srv/Pegasus.js
Symlinking /home/amiga/iowa_ws/devel/share/gennodejs/ros/ag_gripper_driver/srv/_index.js
Symlinking /home/amiga/iowa_ws/devel/share/roseus/ros/ag_gripper_driver/manifest.l
Symlinking /home/amiga/iowa_ws/devel/share/roseus/ros/ag_gripper_driver/srv/Pegasus.l
Symlinking /home/amiga/iowa_ws/devel/share/ag_gripper_driver/cmake/ag_gripper_driver-msg-paths.cmake
Symlinking /home/amiga/iowa_ws/devel/share/ag_gripper_driver/cmake/ag_gripper_driverConfig-version.cmake
Symlinking /home/amiga/iowa_ws/devel/share/ag_gripper_driver/cmake/ag_gripper_driver-msg-extras.cmake
Symlinking /home/amiga/iowa_ws/devel/share/ag_gripper_driver/cmake/ag_gripper_driverConfig.cmake
Symlinking /home/amiga/iowa_ws/devel/include/ag_gripper_driver/Pegasus.h
Symlinking /home/amiga/iowa_ws/devel/include/ag_gripper_driver/PegasusResponse.h
Symlinking /home/amiga/iowa_ws/devel/include/ag_gripper_driver/PegasusRequest.h
