[  0%] Built target xarm_msgs_generate_messages_cpp
[ 15%] Built target xarm_ros_client
[ 15%] [32m[1mLinking CXX executable /home/sridevi/iowa_ws/devel/.private/xarm_api/lib/xarm_api/example1_report_norm[0m
[ 20%] [32m[1mLinking CXX executable /home/sridevi/iowa_ws/devel/.private/xarm_api/lib/xarm_api/servo_cartesian_test[0m
[ 25%] [32m[1mLinking CXX shared library /home/sridevi/iowa_ws/devel/.private/xarm_api/lib/libxarm_ros_driver.so[0m
[ 30%] [32m[1mLinking CXX executable /home/sridevi/iowa_ws/devel/.private/xarm_api/lib/xarm_api/move_test[0m
[ 40%] [32m[1mLinking CXX executable /home/sridevi/iowa_ws/devel/.private/xarm_api/lib/xarm_api/test_xarm_ros_client[0m
[ 40%] [32m[1mLinking CXX executable /home/sridevi/iowa_ws/devel/.private/xarm_api/lib/xarm_api/test_xarm_velo_move[0m
[ 45%] [32m[1mLinking CXX executable /home/sridevi/iowa_ws/devel/.private/xarm_api/lib/xarm_api/test_xarm_states[0m
[ 50%] [32m[1mLinking CXX executable /home/sridevi/iowa_ws/devel/.private/xarm_api/lib/xarm_api/test_tool_modbus[0m
[ 55%] Built target test_tool_modbus
[ 60%] Built target test_xarm_velo_move
[ 65%] Built target test_xarm_states
[ 70%] Built target move_test
[ 75%] Built target example1_report_norm
[ 80%] Built target test_xarm_ros_client
[ 85%] Built target servo_cartesian_test
[ 90%] Built target xarm_ros_driver
[ 95%] [32m[1mLinking CXX executable /home/sridevi/iowa_ws/devel/.private/xarm_api/lib/xarm_api/xarm_driver_node[0m
[100%] Built target xarm_driver_node
