[01m[K/home/sridevi/iowa_ws/src/amiga_xarm/src/eggmass_scrapper.cpp:[m[K In member function ‘[01m[Kvoid ScrapperController::move_scrapper_path(const std::vector<geometry_msgs::Point_<std::allocator<void> > >&, float)[m[K’:
[01m[K/home/sridevi/iowa_ws/src/amiga_xarm/src/eggmass_scrapper.cpp:125:47:[m[K [01;35m[Kwarning: [m[Knarrowing conversion of ‘[01m[Knext_point.geometry_msgs::Point_<std::allocator<void> >::x[m[K’ from ‘[01m[Kgeometry_msgs::Point_<std::allocator<void> >::_x_type[m[K’ {aka ‘[01m[Kdouble[m[K’} to ‘[01m[Kfloat[m[K’ [[01;35m[K-Wnarrowing[m[K]
  125 |         std::vector<float> pose = {[01;35m[Knext_point.x[m[K, next_point.y, next_point.z, 3.1416, -1.5708, 0};
      |                                    [01;35m[K~~~~~~~~~~~^[m[K
[01m[K/home/sridevi/iowa_ws/src/amiga_xarm/src/eggmass_scrapper.cpp:125:47:[m[K [01;35m[Kwarning: [m[Knarrowing conversion of ‘[01m[Knext_point.geometry_msgs::Point_<std::allocator<void> >::x[m[K’ from ‘[01m[Kgeometry_msgs::Point_<std::allocator<void> >::_x_type[m[K’ {aka ‘[01m[Kdouble[m[K’} to ‘[01m[Kfloat[m[K’ [[01;35m[K-Wnarrowing[m[K]
[01m[K/home/sridevi/iowa_ws/src/amiga_xarm/src/eggmass_scrapper.cpp:125:61:[m[K [01;35m[Kwarning: [m[Knarrowing conversion of ‘[01m[Knext_point.geometry_msgs::Point_<std::allocator<void> >::y[m[K’ from ‘[01m[Kgeometry_msgs::Point_<std::allocator<void> >::_y_type[m[K’ {aka ‘[01m[Kdouble[m[K’} to ‘[01m[Kfloat[m[K’ [[01;35m[K-Wnarrowing[m[K]
  125 |         std::vector<float> pose = {next_point.x, [01;35m[Knext_point.y[m[K, next_point.z, 3.1416, -1.5708, 0};
      |                                                  [01;35m[K~~~~~~~~~~~^[m[K
[01m[K/home/sridevi/iowa_ws/src/amiga_xarm/src/eggmass_scrapper.cpp:125:61:[m[K [01;35m[Kwarning: [m[Knarrowing conversion of ‘[01m[Knext_point.geometry_msgs::Point_<std::allocator<void> >::y[m[K’ from ‘[01m[Kgeometry_msgs::Point_<std::allocator<void> >::_y_type[m[K’ {aka ‘[01m[Kdouble[m[K’} to ‘[01m[Kfloat[m[K’ [[01;35m[K-Wnarrowing[m[K]
[01m[K/home/sridevi/iowa_ws/src/amiga_xarm/src/eggmass_scrapper.cpp:125:75:[m[K [01;35m[Kwarning: [m[Knarrowing conversion of ‘[01m[Knext_point.geometry_msgs::Point_<std::allocator<void> >::z[m[K’ from ‘[01m[Kgeometry_msgs::Point_<std::allocator<void> >::_z_type[m[K’ {aka ‘[01m[Kdouble[m[K’} to ‘[01m[Kfloat[m[K’ [[01;35m[K-Wnarrowing[m[K]
  125 |         std::vector<float> pose = {next_point.x, next_point.y, [01;35m[Knext_point.z[m[K, 3.1416, -1.5708, 0};
      |                                                                [01;35m[K~~~~~~~~~~~^[m[K
[01m[K/home/sridevi/iowa_ws/src/amiga_xarm/src/eggmass_scrapper.cpp:125:75:[m[K [01;35m[Kwarning: [m[Knarrowing conversion of ‘[01m[Knext_point.geometry_msgs::Point_<std::allocator<void> >::z[m[K’ from ‘[01m[Kgeometry_msgs::Point_<std::allocator<void> >::_z_type[m[K’ {aka ‘[01m[Kdouble[m[K’} to ‘[01m[Kfloat[m[K’ [[01;35m[K-Wnarrowing[m[K]
[01m[K/home/sridevi/iowa_ws/src/amiga_xarm/src/eggmass_scrapper.cpp:[m[K In member function ‘[01m[Kvoid ScrapperController::move_scrapper_to_default()[m[K’:
[01m[K/home/sridevi/iowa_ws/src/amiga_xarm/src/eggmass_scrapper.cpp:154:35:[m[K [01;35m[Kwarning: [m[Knarrowing conversion of ‘[01m[Kne.geometry_msgs::Point_<std::allocator<void> >::x[m[K’ from ‘[01m[Kgeometry_msgs::Point_<std::allocator<void> >::_x_type[m[K’ {aka ‘[01m[Kdouble[m[K’} to ‘[01m[Kfloat[m[K’ [[01;35m[K-Wnarrowing[m[K]
  154 |     std::vector<float> pose = {[01;35m[Kne.x[m[K, ne.y, ne.z, 3.1416, -0.5*3.1416, 0};
      |                                [01;35m[K~~~^[m[K
[01m[K/home/sridevi/iowa_ws/src/amiga_xarm/src/eggmass_scrapper.cpp:154:35:[m[K [01;35m[Kwarning: [m[Knarrowing conversion of ‘[01m[Kne.geometry_msgs::Point_<std::allocator<void> >::x[m[K’ from ‘[01m[Kgeometry_msgs::Point_<std::allocator<void> >::_x_type[m[K’ {aka ‘[01m[Kdouble[m[K’} to ‘[01m[Kfloat[m[K’ [[01;35m[K-Wnarrowing[m[K]
[01m[K/home/sridevi/iowa_ws/src/amiga_xarm/src/eggmass_scrapper.cpp:154:41:[m[K [01;35m[Kwarning: [m[Knarrowing conversion of ‘[01m[Kne.geometry_msgs::Point_<std::allocator<void> >::y[m[K’ from ‘[01m[Kgeometry_msgs::Point_<std::allocator<void> >::_y_type[m[K’ {aka ‘[01m[Kdouble[m[K’} to ‘[01m[Kfloat[m[K’ [[01;35m[K-Wnarrowing[m[K]
  154 |     std::vector<float> pose = {ne.x, [01;35m[Kne.y[m[K, ne.z, 3.1416, -0.5*3.1416, 0};
      |                                      [01;35m[K~~~^[m[K
[01m[K/home/sridevi/iowa_ws/src/amiga_xarm/src/eggmass_scrapper.cpp:154:41:[m[K [01;35m[Kwarning: [m[Knarrowing conversion of ‘[01m[Kne.geometry_msgs::Point_<std::allocator<void> >::y[m[K’ from ‘[01m[Kgeometry_msgs::Point_<std::allocator<void> >::_y_type[m[K’ {aka ‘[01m[Kdouble[m[K’} to ‘[01m[Kfloat[m[K’ [[01;35m[K-Wnarrowing[m[K]
[01m[K/home/sridevi/iowa_ws/src/amiga_xarm/src/eggmass_scrapper.cpp:154:47:[m[K [01;35m[Kwarning: [m[Knarrowing conversion of ‘[01m[Kne.geometry_msgs::Point_<std::allocator<void> >::z[m[K’ from ‘[01m[Kgeometry_msgs::Point_<std::allocator<void> >::_z_type[m[K’ {aka ‘[01m[Kdouble[m[K’} to ‘[01m[Kfloat[m[K’ [[01;35m[K-Wnarrowing[m[K]
  154 |     std::vector<float> pose = {ne.x, ne.y, [01;35m[Kne.z[m[K, 3.1416, -0.5*3.1416, 0};
      |                                            [01;35m[K~~~^[m[K
[01m[K/home/sridevi/iowa_ws/src/amiga_xarm/src/eggmass_scrapper.cpp:154:47:[m[K [01;35m[Kwarning: [m[Knarrowing conversion of ‘[01m[Kne.geometry_msgs::Point_<std::allocator<void> >::z[m[K’ from ‘[01m[Kgeometry_msgs::Point_<std::allocator<void> >::_z_type[m[K’ {aka ‘[01m[Kdouble[m[K’} to ‘[01m[Kfloat[m[K’ [[01;35m[K-Wnarrowing[m[K]
[01m[K/home/sridevi/iowa_ws/src/amiga_xarm/src/eggmass_scrapper.cpp:[m[K In member function ‘[01m[Kvoid ScrapperController::scrapper_callback(const ConstPtr&)[m[K’:
[01m[K/home/sridevi/iowa_ws/src/amiga_xarm/src/eggmass_scrapper.cpp:467:50:[m[K [01;35m[Kwarning: [m[Knarrowing conversion of ‘[01m[Knorth_east.geometry_msgs::Point_<std::allocator<void> >::x[m[K’ from ‘[01m[Kgeometry_msgs::Point_<std::allocator<void> >::_x_type[m[K’ {aka ‘[01m[Kdouble[m[K’} to ‘[01m[Kfloat[m[K’ [[01;35m[K-Wnarrowing[m[K]
  467 |     std::vector<float> target_pose = {[01;35m[Knorth_east.x[m[K, north_east.y, north_east.z, 3.1416, -0.5*3.1416, 0};
      |                                       [01;35m[K~~~~~~~~~~~^[m[K
[01m[K/home/sridevi/iowa_ws/src/amiga_xarm/src/eggmass_scrapper.cpp:467:50:[m[K [01;35m[Kwarning: [m[Knarrowing conversion of ‘[01m[Knorth_east.geometry_msgs::Point_<std::allocator<void> >::x[m[K’ from ‘[01m[Kgeometry_msgs::Point_<std::allocator<void> >::_x_type[m[K’ {aka ‘[01m[Kdouble[m[K’} to ‘[01m[Kfloat[m[K’ [[01;35m[K-Wnarrowing[m[K]
[01m[K/home/sridevi/iowa_ws/src/amiga_xarm/src/eggmass_scrapper.cpp:467:64:[m[K [01;35m[Kwarning: [m[Knarrowing conversion of ‘[01m[Knorth_east.geometry_msgs::Point_<std::allocator<void> >::y[m[K’ from ‘[01m[Kgeometry_msgs::Point_<std::allocator<void> >::_y_type[m[K’ {aka ‘[01m[Kdouble[m[K’} to ‘[01m[Kfloat[m[K’ [[01;35m[K-Wnarrowing[m[K]
  467 |     std::vector<float> target_pose = {north_east.x, [01;35m[Knorth_east.y[m[K, north_east.z, 3.1416, -0.5*3.1416, 0};
      |                                                     [01;35m[K~~~~~~~~~~~^[m[K
[01m[K/home/sridevi/iowa_ws/src/amiga_xarm/src/eggmass_scrapper.cpp:467:64:[m[K [01;35m[Kwarning: [m[Knarrowing conversion of ‘[01m[Knorth_east.geometry_msgs::Point_<std::allocator<void> >::y[m[K’ from ‘[01m[Kgeometry_msgs::Point_<std::allocator<void> >::_y_type[m[K’ {aka ‘[01m[Kdouble[m[K’} to ‘[01m[Kfloat[m[K’ [[01;35m[K-Wnarrowing[m[K]
[01m[K/home/sridevi/iowa_ws/src/amiga_xarm/src/eggmass_scrapper.cpp:467:78:[m[K [01;35m[Kwarning: [m[Knarrowing conversion of ‘[01m[Knorth_east.geometry_msgs::Point_<std::allocator<void> >::z[m[K’ from ‘[01m[Kgeometry_msgs::Point_<std::allocator<void> >::_z_type[m[K’ {aka ‘[01m[Kdouble[m[K’} to ‘[01m[Kfloat[m[K’ [[01;35m[K-Wnarrowing[m[K]
  467 |     std::vector<float> target_pose = {north_east.x, north_east.y, [01;35m[Knorth_east.z[m[K, 3.1416, -0.5*3.1416, 0};
      |                                                                   [01;35m[K~~~~~~~~~~~^[m[K
[01m[K/home/sridevi/iowa_ws/src/amiga_xarm/src/eggmass_scrapper.cpp:467:78:[m[K [01;35m[Kwarning: [m[Knarrowing conversion of ‘[01m[Knorth_east.geometry_msgs::Point_<std::allocator<void> >::z[m[K’ from ‘[01m[Kgeometry_msgs::Point_<std::allocator<void> >::_z_type[m[K’ {aka ‘[01m[Kdouble[m[K’} to ‘[01m[Kfloat[m[K’ [[01;35m[K-Wnarrowing[m[K]
