Symlinking /home/sridevi/Documents/iowa_ws/devel/lib/amiga_xarm/xarm_joystick_node
Symlinking /home/sridevi/Documents/iowa_ws/devel/lib/amiga_xarm/xarm_joystick_test
Symlinking /home/sridevi/Documents/iowa_ws/devel/lib/amiga_xarm/eggmass_scrapper_node
Symlinking /home/sridevi/Documents/iowa_ws/devel/lib/python3/dist-packages/amiga_xarm/__init__.py
Symlinking /home/sridevi/Documents/iowa_ws/devel/lib/python3/dist-packages/amiga_xarm/msg/_Patch.py
Symlinking /home/sridevi/Documents/iowa_ws/devel/lib/python3/dist-packages/amiga_xarm/msg/__init__.py
Symlinking /home/sridevi/Documents/iowa_ws/devel/lib/pkgconfig/amiga_xarm.pc
Symlinking /home/sridevi/Documents/iowa_ws/devel/share/common-lisp/ros/amiga_xarm/msg/_package.lisp
Symlinking /home/sridevi/Documents/iowa_ws/devel/share/common-lisp/ros/amiga_xarm/msg/Patch.lisp
Symlinking /home/sridevi/Documents/iowa_ws/devel/share/common-lisp/ros/amiga_xarm/msg/_package_Patch.lisp
Symlinking /home/sridevi/Documents/iowa_ws/devel/share/common-lisp/ros/amiga_xarm/msg/amiga_xarm-msg.asd
Symlinking /home/sridevi/Documents/iowa_ws/devel/share/amiga_xarm/cmake/amiga_xarmConfig.cmake
Symlinking /home/sridevi/Documents/iowa_ws/devel/share/amiga_xarm/cmake/amiga_xarm-msg-paths.cmake
Symlinking /home/sridevi/Documents/iowa_ws/devel/share/amiga_xarm/cmake/amiga_xarmConfig-version.cmake
Symlinking /home/sridevi/Documents/iowa_ws/devel/share/amiga_xarm/cmake/amiga_xarm-msg-extras.cmake
Symlinking /home/sridevi/Documents/iowa_ws/devel/share/gennodejs/ros/amiga_xarm/_index.js
Symlinking /home/sridevi/Documents/iowa_ws/devel/share/gennodejs/ros/amiga_xarm/msg/_index.js
Symlinking /home/sridevi/Documents/iowa_ws/devel/share/gennodejs/ros/amiga_xarm/msg/Patch.js
Symlinking /home/sridevi/Documents/iowa_ws/devel/share/roseus/ros/amiga_xarm/manifest.l
Symlinking /home/sridevi/Documents/iowa_ws/devel/share/roseus/ros/amiga_xarm/msg/Patch.l
Symlinking /home/sridevi/Documents/iowa_ws/devel/include/amiga_xarm/Patch.h
