[  0%] Built target std_msgs_generate_messages_py
[  0%] Built target geometry_msgs_generate_messages_py
[  0%] Built target sensor_msgs_generate_messages_py
[  0%] Built target std_msgs_generate_messages_cpp
[  0%] Built target geometry_msgs_generate_messages_cpp
[  0%] Built target sensor_msgs_generate_messages_cpp
[  0%] Built target std_msgs_generate_messages_eus
[  0%] Built target sensor_msgs_generate_messages_eus
[  0%] Built target geometry_msgs_generate_messages_lisp
[  0%] Built target std_msgs_generate_messages_lisp
[  0%] Built target geometry_msgs_generate_messages_eus
[  0%] Built target sensor_msgs_generate_messages_lisp
[  0%] Built target geometry_msgs_generate_messages_nodejs
[  0%] Built target sensor_msgs_generate_messages_nodejs
[  0%] Built target std_msgs_generate_messages_nodejs
[  0%] Built target xarm_msgs_generate_messages_cpp
[ 30%] Built target eggmass_scrapper_node
[ 30%] Built target xarm_joystick_test
[ 46%] Built target xarm_joystick_node
[ 46%] Built target _amiga_xarm_generate_messages_check_deps_Patch
[ 61%] Built target amiga_xarm_generate_messages_eus
[ 76%] Built target amiga_xarm_generate_messages_py
[ 84%] Built target amiga_xarm_generate_messages_lisp
[ 92%] Built target amiga_xarm_generate_messages_cpp
[100%] Built target amiga_xarm_generate_messages_nodejs
[100%] Built target amiga_xarm_generate_messages
