Linked: (/home/sridevi/iowa_ws/devel/.private/amiga_xarm/lib/amiga_xarm/xarm_joystick_node, /home/sridevi/iowa_ws/devel/lib/amiga_xarm/xarm_joystick_node)
Linked: (/home/sridevi/iowa_ws/devel/.private/amiga_xarm/lib/amiga_xarm/xarm_joystick_test, /home/sridevi/iowa_ws/devel/lib/amiga_xarm/xarm_joystick_test)
Linked: (/home/sridevi/iowa_ws/devel/.private/amiga_xarm/lib/amiga_xarm/eggmass_scrapper_node, /home/sridevi/iowa_ws/devel/lib/amiga_xarm/eggmass_scrapper_node)
Linked: (/home/sridevi/iowa_ws/devel/.private/amiga_xarm/lib/python3/dist-packages/amiga_xarm/__init__.py, /home/sridevi/iowa_ws/devel/lib/python3/dist-packages/amiga_xarm/__init__.py)
Linked: (/home/sridevi/iowa_ws/devel/.private/amiga_xarm/lib/python3/dist-packages/amiga_xarm/msg/_Patch.py, /home/sridevi/iowa_ws/devel/lib/python3/dist-packages/amiga_xarm/msg/_Patch.py)
Linked: (/home/sridevi/iowa_ws/devel/.private/amiga_xarm/lib/python3/dist-packages/amiga_xarm/msg/__init__.py, /home/sridevi/iowa_ws/devel/lib/python3/dist-packages/amiga_xarm/msg/__init__.py)
Linked: (/home/sridevi/iowa_ws/devel/.private/amiga_xarm/lib/pkgconfig/amiga_xarm.pc, /home/sridevi/iowa_ws/devel/lib/pkgconfig/amiga_xarm.pc)
Linked: (/home/sridevi/iowa_ws/devel/.private/amiga_xarm/share/common-lisp/ros/amiga_xarm/msg/_package.lisp, /home/sridevi/iowa_ws/devel/share/common-lisp/ros/amiga_xarm/msg/_package.lisp)
Linked: (/home/sridevi/iowa_ws/devel/.private/amiga_xarm/share/common-lisp/ros/amiga_xarm/msg/Patch.lisp, /home/sridevi/iowa_ws/devel/share/common-lisp/ros/amiga_xarm/msg/Patch.lisp)
Linked: (/home/sridevi/iowa_ws/devel/.private/amiga_xarm/share/common-lisp/ros/amiga_xarm/msg/_package_Patch.lisp, /home/sridevi/iowa_ws/devel/share/common-lisp/ros/amiga_xarm/msg/_package_Patch.lisp)
Linked: (/home/sridevi/iowa_ws/devel/.private/amiga_xarm/share/common-lisp/ros/amiga_xarm/msg/amiga_xarm-msg.asd, /home/sridevi/iowa_ws/devel/share/common-lisp/ros/amiga_xarm/msg/amiga_xarm-msg.asd)
Linked: (/home/sridevi/iowa_ws/devel/.private/amiga_xarm/share/amiga_xarm/cmake/amiga_xarmConfig.cmake, /home/sridevi/iowa_ws/devel/share/amiga_xarm/cmake/amiga_xarmConfig.cmake)
Linked: (/home/sridevi/iowa_ws/devel/.private/amiga_xarm/share/amiga_xarm/cmake/amiga_xarm-msg-paths.cmake, /home/sridevi/iowa_ws/devel/share/amiga_xarm/cmake/amiga_xarm-msg-paths.cmake)
Linked: (/home/sridevi/iowa_ws/devel/.private/amiga_xarm/share/amiga_xarm/cmake/amiga_xarmConfig-version.cmake, /home/sridevi/iowa_ws/devel/share/amiga_xarm/cmake/amiga_xarmConfig-version.cmake)
Linked: (/home/sridevi/iowa_ws/devel/.private/amiga_xarm/share/amiga_xarm/cmake/amiga_xarm-msg-extras.cmake, /home/sridevi/iowa_ws/devel/share/amiga_xarm/cmake/amiga_xarm-msg-extras.cmake)
Linked: (/home/sridevi/iowa_ws/devel/.private/amiga_xarm/share/gennodejs/ros/amiga_xarm/_index.js, /home/sridevi/iowa_ws/devel/share/gennodejs/ros/amiga_xarm/_index.js)
Linked: (/home/sridevi/iowa_ws/devel/.private/amiga_xarm/share/gennodejs/ros/amiga_xarm/msg/_index.js, /home/sridevi/iowa_ws/devel/share/gennodejs/ros/amiga_xarm/msg/_index.js)
Linked: (/home/sridevi/iowa_ws/devel/.private/amiga_xarm/share/gennodejs/ros/amiga_xarm/msg/Patch.js, /home/sridevi/iowa_ws/devel/share/gennodejs/ros/amiga_xarm/msg/Patch.js)
Linked: (/home/sridevi/iowa_ws/devel/.private/amiga_xarm/share/roseus/ros/amiga_xarm/manifest.l, /home/sridevi/iowa_ws/devel/share/roseus/ros/amiga_xarm/manifest.l)
Linked: (/home/sridevi/iowa_ws/devel/.private/amiga_xarm/share/roseus/ros/amiga_xarm/msg/Patch.l, /home/sridevi/iowa_ws/devel/share/roseus/ros/amiga_xarm/msg/Patch.l)
Linked: (/home/sridevi/iowa_ws/devel/.private/amiga_xarm/include/amiga_xarm/Patch.h, /home/sridevi/iowa_ws/devel/include/amiga_xarm/Patch.h)
