In file included from [01m[K/opt/ros/noetic/include/ros/ros.h:40[m[K,
                 from [01m[K/home/sridevi/iowa_ws/src/amiga_xarm/src/xarm_joystick_node.cpp:7[m[K:
[01m[K/home/sridevi/iowa_ws/src/amiga_xarm/src/xarm_joystick_node.cpp:[m[K In member function ‘[01m[Kvoid JoystickController::joyCallback(const ConstPtr&)[m[K’:
[01m[K/home/sridevi/iowa_ws/src/amiga_xarm/src/xarm_joystick_node.cpp:291:31:[m[K [01;31m[Kerror: [m[K‘[01m[Kjoys[m[K’ was not declared in this scope; did you mean ‘[01m[Kjoy[m[K’?
  291 |   ROS_WARN_STREAM("Axes :" << [01;31m[Kjoys[m[K->axes);
      |                               [01;31m[K^~~~[m[K
[01m[K/opt/ros/noetic/include/ros/console.h:361:64:[m[K [01;36m[Knote: [m[Kin definition of macro ‘[01m[KROSCONSOLE_PRINT_STREAM_AT_LOCATION_WITH_FILTER[m[K’
  361 |     __rosconsole_print_stream_at_location_with_filter__ss__ << [01;36m[Kargs[m[K; \
      |                                                                [01;36m[K^~~~[m[K
[01m[K/opt/ros/noetic/include/ros/console.h:409:7:[m[K [01;36m[Knote: [m[Kin expansion of macro ‘[01m[KROSCONSOLE_PRINT_STREAM_AT_LOCATION[m[K’
  409 |       [01;36m[KROSCONSOLE_PRINT_STREAM_AT_LOCATION[m[K(args); \
      |       [01;36m[K^~~~~~~~~~~~~~~~~~~~~~~~~~~~~~~~~~~[m[K
[01m[K/opt/ros/noetic/include/ros/console.h:582:43:[m[K [01;36m[Knote: [m[Kin expansion of macro ‘[01m[KROS_LOG_STREAM_COND[m[K’
  582 | #define ROS_LOG_STREAM(level, name, args) [01;36m[KROS_LOG_STREAM_COND[m[K(true, level, name, args)
      |                                           [01;36m[K^~~~~~~~~~~~~~~~~~~[m[K
[01m[K/opt/ros/noetic/include/rosconsole/macros_generated.h:163:31:[m[K [01;36m[Knote: [m[Kin expansion of macro ‘[01m[KROS_LOG_STREAM[m[K’
  163 | #define ROS_WARN_STREAM(args) [01;36m[KROS_LOG_STREAM[m[K(::ros::console::levels::Warn, ROSCONSOLE_DEFAULT_NAME, args)
      |                               [01;36m[K^~~~~~~~~~~~~~[m[K
[01m[K/home/sridevi/iowa_ws/src/amiga_xarm/src/xarm_joystick_node.cpp:291:3:[m[K [01;36m[Knote: [m[Kin expansion of macro ‘[01m[KROS_WARN_STREAM[m[K’
  291 |   [01;36m[KROS_WARN_STREAM[m[K("Axes :" << joys->axes);
      |   [01;36m[K^~~~~~~~~~~~~~~[m[K
make[2]: *** [CMakeFiles/xarm_joystick_node.dir/build.make:76: CMakeFiles/xarm_joystick_node.dir/src/xarm_joystick_node.cpp.o] Error 1
make[1]: *** [CMakeFiles/Makefile2:2154: CMakeFiles/xarm_joystick_node.dir/all] Error 2
make[1]: *** Waiting for unfinished jobs....
make: *** [Makefile:146: all] Error 2
